

::1 - - [20/Mar/2021:12:45:12 +0000] "GET /v1 HTTP/1.1" 400 1154 "-" "PostmanRuntime/7.26.8"
::1 - - [20/Mar/2021:12:45:45 +0000] "GET /v1 HTTP/1.1" 400 1154 "-" "PostmanRuntime/7.26.8"
::1 - - [20/Mar/2021:12:46:00 +0000] "GET / HTTP/1.1" 404 308 "-" "Mozilla/5.0 (Windows NT 10.0; Win64; x64) AppleWebKit/537.36 (KHTML, like Gecko) Chrome/89.0.4389.90 Safari/537.36"
::1 - - [20/Mar/2021:12:46:01 +0000] "GET /favicon.ico HTTP/1.1" 404 308 "-" "Mozilla/5.0 (Windows NT 10.0; Win64; x64) AppleWebKit/537.36 (KHTML, like Gecko) Chrome/89.0.4389.90 Safari/537.36"
::1 - - [20/Mar/2021:12:46:05 +0000] "GET /v1/auth/reset-password HTTP/1.1" 401 23 "-" "Mozilla/5.0 (Windows NT 10.0; Win64; x64) AppleWebKit/537.36 (KHTML, like Gecko) Chrome/89.0.4389.90 Safari/537.36"
::1 - - [20/Mar/2021:12:46:09 +0000] "GET /v1 HTTP/1.1" 200 584 "-" "Mozilla/5.0 (Windows NT 10.0; Win64; x64) AppleWebKit/537.36 (KHTML, like Gecko) Chrome/89.0.4389.90 Safari/537.36"
::1 - - [20/Mar/2021:12:46:24 +0000] "GET /v1 HTTP/1.1" 400 1154 "-" "PostmanRuntime/7.26.8"
::1 - - [20/Mar/2021:12:49:35 +0000] "GET /auth/login HTTP/1.1" 404 308 "-" "PostmanRuntime/7.26.8"
::1 - - [20/Mar/2021:12:49:44 +0000] "POST /auth/login HTTP/1.1" 404 308 "-" "PostmanRuntime/7.26.8"
::1 - - [20/Mar/2021:12:49:49 +0000] "POST /auth/login HTTP/1.1" 404 308 "-" "PostmanRuntime/7.26.8"
::1 - - [20/Mar/2021:12:50:01 +0000] "POST /v1/auth/login HTTP/1.1" 400 30 "-" "PostmanRuntime/7.26.8"
::1 - - [20/Mar/2021:12:50:11 +0000] "POST /v1/auth/login HTTP/1.1" 200 266 "-" "PostmanRuntime/7.26.8"
::1 - - [20/Mar/2021:12:50:40 +0000] "POST /v1/user/feed?lat=-8.838333&lng=13.234444&filter=pipocar&page=1 HTTP/1.1" 404 308 "-" "PostmanRuntime/7.26.8"
::1 - - [20/Mar/2021:12:50:51 +0000] "GET /v1/user/feed?lat=-8.838333&lng=13.234444&filter=pipocar&page=1 HTTP/1.1" 400 1154 "-" "PostmanRuntime/7.26.8"
::1 - - [20/Mar/2021:12:52:29 +0000] "GET /v1/auth/reset-password HTTP/1.1" 401 23 "-" "Mozilla/5.0 (Windows NT 10.0; Win64; x64) AppleWebKit/537.36 (KHTML, like Gecko) Chrome/89.0.4389.90 Safari/537.36"
::1 - - [20/Mar/2021:12:52:31 +0000] "GET /v1/auth/reset-password?token=1 HTTP/1.1" 200 2105 "-" "Mozilla/5.0 (Windows NT 10.0; Win64; x64) AppleWebKit/537.36 (KHTML, like Gecko) Chrome/89.0.4389.90 Safari/537.36"
::1 - - [20/Mar/2021:14:50:48 +0000] "GET /v1 HTTP/1.1" 200 18 "-" "Mozilla/5.0 (Windows NT 10.0; Win64; x64) AppleWebKit/537.36 (KHTML, like Gecko) Chrome/89.0.4389.90 Safari/537.36"
::1 - - [20/Mar/2021:14:51:04 +0000] "GET /v1/user/feed?lat=-8.838333&lng=13.234444&filter=pipocar&page=1 HTTP/1.1" 400 1154 "-" "PostmanRuntime/7.26.8"
::1 - - [20/Mar/2021:14:52:59 +0000] "GET /v1 HTTP/1.1" 400 1154 "-" "PostmanRuntime/7.26.8"
::1 - - [20/Mar/2021:14:53:13 +0000] "GET /v1/admin/roles HTTP/1.1" 400 1154 "-" "PostmanRuntime/7.26.8"
::1 - - [20/Mar/2021:14:56:13 +0000] "GET /v1/novo HTTP/1.1" 400 1154 "-" "PostmanRuntime/7.26.8"
::1 - - [20/Mar/2021:15:01:44 +0000] "GET /v1/users HTTP/1.1" 400 1154 "-" "PostmanRuntime/7.26.8"
::1 - - [20/Mar/2021:15:12:29 +0000] "POST /v1/auth/login HTTP/1.1" 200 266 "-" "PostmanRuntime/7.26.8"
::1 - - [20/Mar/2021:15:13:13 +0000] "GET /v1/users HTTP/1.1" 200 466 "-" "PostmanRuntime/7.26.8"
::1 - - [20/Mar/2021:15:14:54 +0000] "GET /v1/users HTTP/1.1" 200 449 "-" "PostmanRuntime/7.26.8"
::1 - - [20/Mar/2021:15:19:22 +0000] "GET /v1/user/feed?lat=-8.838333&lng=13.234444&filter=pipocar&page=1 HTTP/1.1" 500 50 "-" "PostmanRuntime/7.26.8"
::1 - - [20/Mar/2021:15:21:35 +0000] "GET /v1/user/feed?lat=-8.838333&lng=13.234444&filter=pipocar&page=1 HTTP/1.1" 500 41 "-" "PostmanRuntime/7.26.8"
::1 - - [20/Mar/2021:15:22:34 +0000] "GET /v1/user/feed?lat=-8.838333&lng=13.234444&filter=pipocar&page=1 HTTP/1.1" 200 144 "-" "PostmanRuntime/7.26.8"
::1 - - [20/Mar/2021:15:41:45 +0000] "GET /v1/user/feed?lat=-8.838333&lng=13.234444&filter=pipocar&page=1 HTTP/1.1" 401 38 "-" "PostmanRuntime/7.26.8"
::1 - - [20/Mar/2021:15:42:27 +0000] "POST /v1/auth/login HTTP/1.1" 200 266 "-" "PostmanRuntime/7.26.8"
::1 - - [20/Mar/2021:15:42:54 +0000] "GET /v1/user/feed?lat=-8.838333&lng=13.234444&filter=pipocar&page=1 HTTP/1.1" 200 144 "-" "PostmanRuntime/7.26.8"
::1 - - [20/Mar/2021:15:43:08 +0000] "GET /v1/user/posts HTTP/1.1" 404 308 "-" "PostmanRuntime/7.26.8"
::1 - - [20/Mar/2021:15:43:20 +0000] "GET /v1/posts? HTTP/1.1" 500 41 "-" "PostmanRuntime/7.26.8"
::1 - - [20/Mar/2021:15:43:27 +0000] "GET /v1/posts?page=1 HTTP/1.1" 200 140 "-" "PostmanRuntime/7.26.8"
::1 - - [28/Mar/2021:10:49:34 +0000] "POST /v1/auth/social HTTP/1.1" 201 261 "-" "PostmanRuntime/7.26.8"
::1 - - [28/Mar/2021:10:57:19 +0000] "POST /v1/posts HTTP/1.1" 404 308 "-" "PostmanRuntime/7.26.8"
::1 - - [28/Mar/2021:11:02:03 +0000] "POST /v1/posts HTTP/1.1" 201 48 "-" "PostmanRuntime/7.26.8"
::ffff:127.0.0.1 - - [28/Mar/2021:19:16:54 +0000] "POST /v1/auth/social HTTP/1.1" 500 63 "-" "PostmanRuntime/7.26.8"
::1 - - [28/Mar/2021:19:22:33 +0000] "POST /v1/auth/social HTTP/1.1" 201 261 "-" "PostmanRuntime/7.26.8"
::1 - - [28/Mar/2021:19:23:29 +0000] "POST /v1/posts HTTP/1.1" 201 48 "-" "PostmanRuntime/7.26.8"
::1 - - [28/Mar/2021:20:04:32 +0000] "POST /v1/posts HTTP/1.1" 201 48 "-" "PostmanRuntime/7.26.8"
::1 - - [28/Mar/2021:20:06:04 +0000] "POST /v1/posts HTTP/1.1" 201 48 "-" "PostmanRuntime/7.26.8"
::1 - - [28/Mar/2021:20:09:32 +0000] "POST /v1/posts HTTP/1.1" 201 48 "-" "PostmanRuntime/7.26.8"
::1 - - [28/Mar/2021:20:25:07 +0000] "POST /v1/posts HTTP/1.1" 201 48 "-" "PostmanRuntime/7.26.8"
::1 - - [28/Mar/2021:20:30:18 +0000] "POST /v1/posts HTTP/1.1" 201 48 "-" "PostmanRuntime/7.26.8"
::1 - - [28/Mar/2021:20:55:31 +0000] "POST /v1/posts HTTP/1.1" 500 30 "-" "PostmanRuntime/7.26.8"
::1 - - [28/Mar/2021:20:56:19 +0000] "POST /v1/posts HTTP/1.1" 201 48 "-" "PostmanRuntime/7.26.8"
::1 - - [28/Mar/2021:20:57:02 +0000] "POST /v1/posts HTTP/1.1" 201 48 "-" "PostmanRuntime/7.26.8"
::1 - - [28/Mar/2021:20:59:37 +0000] "POST /v1/posts HTTP/1.1" 201 48 "-" "PostmanRuntime/7.26.8"
::1 - - [28/Mar/2021:21:14:43 +0000] "POST /v1/posts HTTP/1.1" 201 48 "-" "PostmanRuntime/7.26.8"
::1 - - [28/Mar/2021:21:15:57 +0000] "POST /v1/posts HTTP/1.1" 201 48 "-" "PostmanRuntime/7.26.8"
::1 - - [28/Mar/2021:21:17:08 +0000] "POST /v1/posts HTTP/1.1" 201 48 "-" "PostmanRuntime/7.26.8"
::1 - - [28/Mar/2021:21:25:10 +0000] "POST /v1/auth/social HTTP/1.1" 201 261 "-" "PostmanRuntime/7.26.8"
::1 - - [28/Mar/2021:21:25:51 +0000] "POST /v1/posts HTTP/1.1" 201 48 "-" "PostmanRuntime/7.26.8"
::1 - - [28/Mar/2021:22:06:30 +0000] "POST /v1/auth/social HTTP/1.1" 201 261 "-" "PostmanRuntime/7.26.8"
::1 - - [28/Mar/2021:22:07:08 +0000] "POST /v1/posts HTTP/1.1" 500 48 "-" "PostmanRuntime/7.26.8"
::1 - - [28/Mar/2021:22:07:50 +0000] "POST /v1/posts HTTP/1.1" 201 48 "-" "PostmanRuntime/7.26.8"
::1 - - [28/Mar/2021:22:10:24 +0000] "POST /v1/posts HTTP/1.1" 201 48 "-" "PostmanRuntime/7.26.8"
::1 - - [28/Mar/2021:22:23:02 +0000] "POST /v1/posts HTTP/1.1" 201 48 "-" "PostmanRuntime/7.26.8"
::1 - - [28/Mar/2021:23:01:57 +0000] "POST /v1/auth/social HTTP/1.1" 201 261 "-" "PostmanRuntime/7.26.8"
::1 - - [28/Mar/2021:23:02:33 +0000] "POST /v1/posts HTTP/1.1" 201 48 "-" "PostmanRuntime/7.26.8"
::1 - - [28/Mar/2021:23:06:45 +0000] "POST /v1/posts HTTP/1.1" 500 41 "-" "PostmanRuntime/7.26.8"
::1 - - [28/Mar/2021:23:12:16 +0000] "POST /v1/auth/social HTTP/1.1" 201 261 "-" "PostmanRuntime/7.26.8"
::1 - - [28/Mar/2021:23:12:46 +0000] "POST /v1/posts HTTP/1.1" 500 96 "-" "PostmanRuntime/7.26.8"
::1 - - [28/Mar/2021:23:15:41 +0000] "POST /v1/posts HTTP/1.1" 500 70 "-" "PostmanRuntime/7.26.8"
::1 - - [28/Mar/2021:23:16:31 +0000] "POST /v1/posts HTTP/1.1" 500 59 "-" "PostmanRuntime/7.26.8"
::1 - - [28/Mar/2021:23:18:45 +0000] "POST /v1/posts HTTP/1.1" 500 70 "-" "PostmanRuntime/7.26.8"
::1 - - [28/Mar/2021:23:20:14 +0000] "POST /v1/posts HTTP/1.1" 500 96 "-" "PostmanRuntime/7.26.8"
::1 - - [29/Mar/2021:08:11:53 +0000] "POST /v1/auth/social HTTP/1.1" 201 261 "-" "PostmanRuntime/7.26.8"
::1 - - [29/Mar/2021:08:12:33 +0000] "POST /v1/posts HTTP/1.1" 500 47 "-" "PostmanRuntime/7.26.8"
::1 - - [29/Mar/2021:08:18:03 +0000] "POST /v1/posts HTTP/1.1" 500 45 "-" "PostmanRuntime/7.26.8"
::1 - - [29/Mar/2021:08:20:36 +0000] "POST /v1/posts HTTP/1.1" 201 48 "-" "PostmanRuntime/7.26.8"
::1 - - [29/Mar/2021:08:36:17 +0000] "POST /v1/auth/social HTTP/1.1" 201 261 "-" "PostmanRuntime/7.26.8"
::1 - - [29/Mar/2021:08:36:35 +0000] "POST /v1/auth/social HTTP/1.1" 200 266 "-" "PostmanRuntime/7.26.8"
::1 - - [29/Mar/2021:08:37:03 +0000] "POST /v1/posts HTTP/1.1" 500 45 "-" "PostmanRuntime/7.26.8"
::1 - - [29/Mar/2021:08:39:09 +0000] "POST /v1/posts HTTP/1.1" 201 48 "-" "PostmanRuntime/7.26.8"
::1 - - [29/Mar/2021:08:39:51 +0000] "POST /v1/posts HTTP/1.1" 550 57 "-" "PostmanRuntime/7.26.8"
::1 - - [29/Mar/2021:08:40:01 +0000] "POST /v1/posts HTTP/1.1" 201 48 "-" "PostmanRuntime/7.26.8"
::1 - - [29/Mar/2021:08:56:05 +0000] "GET /v1/posts?lat=-8.838333&lng=13.234444&page=1&filter=date HTTP/1.1" 500 45 "-" "PostmanRuntime/7.26.8"
::1 - - [29/Mar/2021:08:57:38 +0000] "GET /v1/posts?lat=-8.838333&lng=13.234444&page=1&filter=date HTTP/1.1" 500 44 "-" "PostmanRuntime/7.26.8"
::1 - - [29/Mar/2021:09:11:36 +0000] "GET /v1/posts?lat=-8.838333&lng=13.234444&page=1&filter=date HTTP/1.1" 500 44 "-" "PostmanRuntime/7.26.8"
::1 - - [29/Mar/2021:09:13:00 +0000] "GET /v1/posts?lat=-8.838333&lng=13.234444&page=1&filter=date HTTP/1.1" 500 44 "-" "PostmanRuntime/7.26.8"
::1 - - [29/Mar/2021:09:19:47 +0000] "GET /v1/posts?lat=-8.838333&lng=13.234444&page=1&filter=date HTTP/1.1" 500 44 "-" "PostmanRuntime/7.26.8"
::1 - - [29/Mar/2021:09:19:51 +0000] "GET /v1/posts?lat=-8.838333&lng=13.234444&page=1&filter=date HTTP/1.1" 500 44 "-" "PostmanRuntime/7.26.8"
::1 - - [29/Mar/2021:09:21:25 +0000] "GET /v1/posts?lat=-8.838333&lng=13.234444&page=1 HTTP/1.1" 500 44 "-" "PostmanRuntime/7.26.8"
::1 - - [29/Mar/2021:09:22:54 +0000] "GET /v1/posts?lat=-8.838333&lng=13.234444&page=1 HTTP/1.1" 500 44 "-" "PostmanRuntime/7.26.8"
::1 - - [29/Mar/2021:09:27:06 +0000] "GET /v1/posts?lat=-8.838333&lng=13.234444&page=1 HTTP/1.1" 500 44 "-" "PostmanRuntime/7.26.8"
::1 - - [29/Mar/2021:09:29:42 +0000] "GET /v1/posts?lat=-8.838333&lng=13.234444&page=1 HTTP/1.1" 500 44 "-" "PostmanRuntime/7.26.8"
::1 - - [29/Mar/2021:09:36:02 +0000] "GET /v1/user/feed?lat=-8.838333&lng=13.234444&page=1&filter=date HTTP/1.1" 500 32 "-" "PostmanRuntime/7.26.8"
::ffff:127.0.0.1 - - [29/Mar/2021:09:36:32 +0000] "GET /v1/user/feed?lat=-8.838333&lng=13.234444&page=1&filter=date HTTP/1.1" 500 44 "-" "PostmanRuntime/7.26.8"
::1 - - [29/Mar/2021:09:44:04 +0000] "GET /v1/user/feed?lat=-8.838333&lng=13.234444&page=1&filter=date HTTP/1.1" 500 90 "-" "PostmanRuntime/7.26.8"
::1 - - [29/Mar/2021:09:45:02 +0000] "GET /v1/user/feed?lat=-8.838333&lng=13.234444&page=1&filter=date HTTP/1.1" 500 44 "-" "PostmanRuntime/7.26.8"
::1 - - [29/Mar/2021:09:45:54 +0000] "GET /v1/user/feed?lat=-8.838333&lng=13.234444&page=1&filter=date HTTP/1.1" 500 44 "-" "PostmanRuntime/7.26.8"
::1 - - [29/Mar/2021:10:41:38 +0000] "POST /v1/auth/social HTTP/1.1" 201 261 "-" "PostmanRuntime/7.26.8"
::1 - - [29/Mar/2021:10:42:15 +0000] "POST /v1/posts HTTP/1.1" 500 96 "-" "PostmanRuntime/7.26.8"
::1 - - [29/Mar/2021:10:44:53 +0000] "POST /v1auth/social HTTP/1.1" 404 308 "-" "PostmanRuntime/7.26.8"
::1 - - [29/Mar/2021:10:45:06 +0000] "POST /v1/auth/social HTTP/1.1" 201 261 "-" "PostmanRuntime/7.26.8"
::1 - - [29/Mar/2021:10:45:31 +0000] "POST /v1/posts HTTP/1.1" 500 42 "-" "PostmanRuntime/7.26.8"
::1 - - [29/Mar/2021:10:47:20 +0000] "POST /v1/posts HTTP/1.1" 500 102 "-" "PostmanRuntime/7.26.8"
::1 - - [29/Mar/2021:10:56:06 +0000] "POST /v1/auth/social HTTP/1.1" 201 261 "-" "PostmanRuntime/7.26.8"
::1 - - [29/Mar/2021:10:56:31 +0000] "POST /v1/posts HTTP/1.1" 500 45 "-" "PostmanRuntime/7.26.8"
::1 - - [29/Mar/2021:10:58:16 +0000] "POST /v1/posts HTTP/1.1" 201 48 "-" "PostmanRuntime/7.26.8"
::1 - - [29/Mar/2021:10:59:36 +0000] "POST /v1/posts HTTP/1.1" 201 48 "-" "PostmanRuntime/7.26.8"
::1 - - [29/Mar/2021:11:56:30 +0000] "POST /v1/posts HTTP/1.1" 500 45 "-" "PostmanRuntime/7.26.8"
::1 - - [29/Mar/2021:11:58:44 +0000] "POST /v1/posts HTTP/1.1" 500 45 "-" "PostmanRuntime/7.26.8"
::1 - - [29/Mar/2021:12:01:32 +0000] "POST /v1/posts HTTP/1.1" 500 1097 "-" "PostmanRuntime/7.26.8"
::1 - - [29/Mar/2021:12:02:09 +0000] "POST /v1/posts HTTP/1.1" 500 1088 "-" "PostmanRuntime/7.26.8"
::1 - - [29/Mar/2021:12:03:20 +0000] "POST /v1/posts HTTP/1.1" 201 48 "-" "PostmanRuntime/7.26.8"
::1 - - [29/Mar/2021:12:04:58 +0000] "POST /v1/posts HTTP/1.1" 500 45 "-" "PostmanRuntime/7.26.8"
::1 - - [29/Mar/2021:12:06:55 +0000] "POST /v1/posts HTTP/1.1" 201 48 "-" "PostmanRuntime/7.26.8"
::1 - - [29/Mar/2021:12:08:49 +0000] "POST /v1/posts HTTP/1.1" 500 45 "-" "PostmanRuntime/7.26.8"
::1 - - [29/Mar/2021:12:14:20 +0000] "POST /v1/posts HTTP/1.1" 500 45 "-" "PostmanRuntime/7.26.8"
::1 - - [29/Mar/2021:12:17:06 +0000] "POST /v1/posts HTTP/1.1" 500 45 "-" "PostmanRuntime/7.26.8"
::1 - - [29/Mar/2021:12:17:29 +0000] "POST /v1/posts HTTP/1.1" 201 48 "-" "PostmanRuntime/7.26.8"
::1 - - [29/Mar/2021:12:19:20 +0000] "POST /v1/posts HTTP/1.1" 500 45 "-" "PostmanRuntime/7.26.8"
::1 - - [29/Mar/2021:12:20:11 +0000] "POST /v1/posts HTTP/1.1" 201 48 "-" "PostmanRuntime/7.26.8"
::1 - - [29/Mar/2021:12:26:35 +0000] "POST /v1/posts HTTP/1.1" 500 1426 "-" "PostmanRuntime/7.26.8"
::1 - - [29/Mar/2021:12:27:10 +0000] "POST /v1/posts HTTP/1.1" 201 48 "-" "PostmanRuntime/7.26.8"
::1 - - [29/Mar/2021:12:42:21 +0000] "POST /v1/post-links HTTP/1.1" 404 308 "-" "PostmanRuntime/7.26.8"
::1 - - [29/Mar/2021:12:42:38 +0000] "GET /v1/post-links HTTP/1.1" 500 1450 "-" "PostmanRuntime/7.26.8"
::1 - - [29/Mar/2021:12:45:48 +0000] "GET /v1/post-links HTTP/1.1" 200 1401 "-" "PostmanRuntime/7.26.8"
::1 - - [29/Mar/2021:12:46:46 +0000] "GET /v1/post-links HTTP/1.1" 200 854 "-" "PostmanRuntime/7.26.8"
::1 - - [29/Mar/2021:12:52:20 +0000] "GET /v1/link-info HTTP/1.1" 200 855 "-" "PostmanRuntime/7.26.8"
::1 - - [29/Mar/2021:13:01:09 +0000] "POST /v1/auth/social HTTP/1.1" 201 261 "-" "PostmanRuntime/7.26.8"
::1 - - [29/Mar/2021:13:01:30 +0000] "POST /v1/auth/social HTTP/1.1" 200 266 "-" "PostmanRuntime/7.26.8"
::1 - - [29/Mar/2021:13:01:48 +0000] "POST /v1/posts HTTP/1.1" 201 48 "-" "PostmanRuntime/7.26.8"
::1 - - [29/Mar/2021:13:04:32 +0000] "POST /v1/posts HTTP/1.1" 201 48 "-" "PostmanRuntime/7.26.8"
::1 - - [29/Mar/2021:13:04:35 +0000] "POST /v1/posts HTTP/1.1" 550 57 "-" "PostmanRuntime/7.26.8"
::1 - - [29/Mar/2021:13:04:45 +0000] "POST /v1/posts HTTP/1.1" 201 48 "-" "PostmanRuntime/7.26.8"
::1 - - [29/Mar/2021:13:15:25 +0000] "GET /v1/user/feed?lat=-8.838333&lng=13.234444&filter=pipocar&page=1 HTTP/1.1" 500 59 "-" "PostmanRuntime/7.26.8"
::1 - - [29/Mar/2021:13:18:43 +0000] "GET /v1/user/feed?lat=-8.838333&lng=13.234444&filter=pipocar&page=1 HTTP/1.1" 500 59 "-" "PostmanRuntime/7.26.8"
::1 - - [29/Mar/2021:13:21:10 +0000] "GET /v1/user/feed?lat=-8.838333&lng=13.234444&filter=pipocar&page=1 HTTP/1.1" 200 1093 "-" "PostmanRuntime/7.26.8"
::1 - - [29/Mar/2021:13:22:28 +0000] "GET /v1/user/feed?lat=-8.838333&lng=13.234444&filter=pipocar&page=1 HTTP/1.1" 500 45 "-" "PostmanRuntime/7.26.8"
::1 - - [29/Mar/2021:13:35:18 +0000] "GET /v1/user/feed?lat=-8.838333&lng=13.234444&filter=pipocar&page=1 HTTP/1.1" 500 31 "-" "PostmanRuntime/7.26.8"
::1 - - [29/Mar/2021:13:36:56 +0000] "GET /v1/user/feed?lat=-8.838333&lng=13.234444&filter=pipocar&page=1 HTTP/1.1" 500 59 "-" "PostmanRuntime/7.26.8"
::1 - - [29/Mar/2021:13:37:53 +0000] "GET /v1/user/feed?lat=-8.838333&lng=13.234444&filter=pipocar&page=1 HTTP/1.1" 500 32 "-" "PostmanRuntime/7.26.8"
::1 - - [29/Mar/2021:13:40:45 +0000] "GET /v1/user/feed?lat=-8.838333&lng=13.234444&filter=pipocar&page=1 HTTP/1.1" 500 59 "-" "PostmanRuntime/7.26.8"
::1 - - [29/Mar/2021:13:41:14 +0000] "GET /v1/user/feed?lat=-8.838333&lng=13.234444&filter=pipocar&page=1 HTTP/1.1" 500 59 "-" "PostmanRuntime/7.26.8"
::1 - - [29/Mar/2021:13:41:44 +0000] "GET /v1/user/feed?lat=-8.838333&lng=13.234444&filter=pipocar&page=1 HTTP/1.1" 200 1131 "-" "PostmanRuntime/7.26.8"
::1 - - [29/Mar/2021:13:42:52 +0000] "GET /v1/user/feed?lat=-8.838333&lng=13.234444&filter=pipocar&page=1 HTTP/1.1" 200 1361 "-" "PostmanRuntime/7.26.8"
::1 - - [29/Mar/2021:13:44:59 +0000] "GET /v1/users HTTP/1.1" 500 51 "-" "PostmanRuntime/7.26.8"
::1 - - [29/Mar/2021:13:45:35 +0000] "GET /v1/users HTTP/1.1" 200 419 "-" "PostmanRuntime/7.26.8"
::1 - - [29/Mar/2021:13:52:17 +0000] "GET /v1/user/feed?lat=-8.838333&lng=13.234444&filter=pipocar&page=1 HTTP/1.1" 200 1361 "-" "PostmanRuntime/7.26.8"
::1 - - [29/Mar/2021:13:56:04 +0000] "GET /v1/link-info HTTP/1.1" 200 1402 "-" "PostmanRuntime/7.26.8"
::1 - - [30/Mar/2021:08:36:24 +0000] "GET /v1/auth/social HTTP/1.1" 404 308 "-" "PostmanRuntime/7.26.8"
::1 - - [30/Mar/2021:08:36:41 +0000] "POST /v1/auth/social HTTP/1.1" 500 63 "-" "PostmanRuntime/7.26.8"
::1 - - [30/Mar/2021:08:39:54 +0000] "POST /v1/auth/social HTTP/1.1" 500 63 "-" "PostmanRuntime/7.26.8"
::1 - - [30/Mar/2021:08:41:36 +0000] "POST /v1/auth/social HTTP/1.1" 201 261 "-" "PostmanRuntime/7.26.8"
